[0312/125008.170:ERROR:process_reader_win.cc(123)] NtOpenThread: {Access Denied} A process has requested access to an object, but has not been granted those access rights. (0xc0000022)
[0312/125008.466:ERROR:exception_snapshot_win.cc(88)] thread ID 18928 not found in process




./test-automation-quickstart/ui-acceptance-tests/pom.xml
 
<plugin>
    <groupId>org.apache.maven.plugins</groupId>
    <artifactId>maven-surefire-plugin</artifactId>
    <version>${surefire.maven.plugin.version}</version>
    <executions>
         <execution>
             <id>acceptance-test</id>
             <phase>integration-test</phase>
             <goals>
                 <goal>test</goal>
             </goals>
             <configuration>
                 <forkCount>${acceptance.test.parallel.count}</forkCount>
                 <reuseForks>true</reuseForks>
                 <includes>
                 <include>**/*IT.class</include>
                 </includes>
             </configuration>
        </execution>
    </executions>
</plugin>